<?xml version="1.0" encoding="UTF-8"?>
<!-- Generated by org.testng.reporters.JUnitReportReporter -->
<testsuite hostname="DESKTOP-E6IT92A" failures="0" tests="1" name="Githubpackage.UpdateTest" time="0.021" errors="0" timestamp="2022-09-27T16:45:20 IST" skipped="0">
  <testcase classname="Githubpackage.UpdateTest" name="create" time="0.021"/>
  <system-out/>
</testsuite> <!-- Githubpackage.UpdateTest -->
